
> frontend@0.1.0 start
> react-scripts start

(node:24188) [DEP_WEBPACK_DEV_SERVER_ON_AFTER_SETUP_MIDDLEWARE] DeprecationWarning: 'onAfterSetupMiddleware' option is deprecated. Please use the 'setupMiddlewares' option.
(Use `node --trace-deprecation ...` to show where the warning was created)
(node:24188) [DEP_WEBPACK_DEV_SERVER_ON_BEFORE_SETUP_MIDDLEWARE] DeprecationWarning: 'onBeforeSetupMiddleware' option is deprecated. Please use the 'setupMiddlewares' option.
Starting the development server...

Compiled with warnings.

[eslint] 
src\components\ARMultimedia\ARMultimediaModule.js
  Line 3:8:  'api' is defined but never used  no-unused-vars

src\components\Chatbot\Chatbot.js
  Line 20:9:  'location' is assigned a value but never used  no-unused-vars

src\components\ChemicalEquations\ChemicalEquations.js
  Line 33:6:  React Hook useEffect has a missing dependency: 'fetchEquations'. Either include it or remove the dependency array  react-hooks/exhaustive-deps

src\components\ConceptMap\ConceptMap.js
  Line 226:6:  React Hook useEffect has a missing dependency: 'handleMouseMove'. Either include it or remove the dependency array  react-hooks/exhaustive-deps

src\components\Concepts\ConceptPages.js
  Line 12:7:  'topicToComponent' is assigned a value but never used  no-unused-vars

src\components\Dashboard\AdminAnalytics.js
  Line 5:15:  'Line' is defined but never used  no-unused-vars

src\components\Dashboard\AdminConcepts.js
  Line 60:6:  React Hook useCallback has a missing dependency: 'loadConcepts'. Either include it or remove the dependency array  react-hooks/exhaustive-deps

src\components\Dashboard\AdminDashboard.js
  Line 17:8:   'PeriodicTable' is defined but never used                                                                       no-unused-vars
  Line 41:10:  'loading' is assigned a value but never used                                                                    no-unused-vars
  Line 82:6:   React Hook useEffect has a missing dependency: 'loadReports'. Either include it or remove the dependency array  react-hooks/exhaustive-deps

src\components\Dashboard\AdminQuizzes.js
  Line 52:39:  React Hook useEffect has a missing dependency: 'loadQuizzes'. Either include it or remove the dependency array  react-hooks/exhaustive-deps
  Line 129:9:  'onDeactivate' is assigned a value but never used                                                               no-unused-vars

src\components\Dashboard\StudentDashboard.js
  Line 11:8:   'Leaderboard' is defined but never used                                                                                                                                                                                                  no-unused-vars
  Line 39:10:  'nextTopics' is assigned a value but never used                                                                                                                                                                                          no-unused-vars
  Line 40:10:  'loading' is assigned a value but never used                                                                                                                                                                                             no-unused-vars
  Line 125:6:  React Hook useEffect has a missing dependency: 'setActiveTab'. Either include it or remove the dependency array. If 'setActiveTab' changes too often, find the parent component that defines it and wrap that definition in useCallback  react-hooks/exhaustive-deps

src\components\Dashboard\TeacherDashboard.js
  Line 56:10:  'quizFormErrors' is assigned a value but never used     no-unused-vars
  Line 57:10:  'conceptFormErrors' is assigned a value but never used  no-unused-vars
  Line 866:7:  Duplicate case label                                    no-duplicate-case
  Line 868:7:  Duplicate case label                                    no-duplicate-case
  Line 870:7:  Duplicate case label                                    no-duplicate-case
  Line 872:7:  Duplicate case label                                    no-duplicate-case

src\components\Dashboard\TeacherPerformanceDashboard.js
  Line 17:6:  React Hook useEffect has a missing dependency: 'fetchTeacherPerformance'. Either include it or remove the dependency array  react-hooks/exhaustive-deps

src\components\Exams\ExamRunner.js
  Line 43:6:  React Hook useEffect has a missing dependency: 'logEvent'. Either include it or remove the dependency array                                 react-hooks/exhaustive-deps
  Line 55:6:  React Hook useEffect has missing dependencies: 'attemptId', 'exam', and 'handleSubmit'. Either include them or remove the dependency array  react-hooks/exhaustive-deps

src\components\KnowledgeGraph\KnowledgeGraphVisualizer.js
  Line 27:6:  React Hook useEffect has a missing dependency: 'buildGraph'. Either include it or remove the dependency array  react-hooks/exhaustive-deps

src\components\MoleculeAnimation\MoleculeAnimation.js
  Line 617:38:  The ref value 'containerRef.current' will likely have changed by the time this effect cleanup function runs. If this ref points to a node rendered by React, copy 'containerRef.current' to a variable inside the effect, and use that variable in the cleanup function  react-hooks/exhaustive-deps
  Line 628:6:   React Hook useLayoutEffect has missing dependencies: 'buildMolecule' and 'isRotating'. Either include them or remove the dependency array                                                                                                                                react-hooks/exhaustive-deps
  Line 649:6:   React Hook useEffect has a missing dependency: 'buildMolecule'. Either include it or remove the dependency array                                                                                                                                                         react-hooks/exhaustive-deps

src\components\Progress\LearningPath.js
  Line 13:10:  'loadingStudents' is assigned a value but never used   no-unused-vars
  Line 59:9:   'getPriorityColor' is assigned a value but never used  no-unused-vars

src\components\Progress\PerformanceDashboard.js
  Line 20:16:  'statsRes' is assigned a value but never used  no-unused-vars

src\components\Quiz\QuizEngine.js
  Line 216:6:  React Hook useEffect has a missing dependency: 'finishQuiz'. Either include it or remove the dependency array  react-hooks/exhaustive-deps

src\components\Remediation\RemediationModule.js
  Line 20:6:  React Hook useEffect has a missing dependency: 'loadInitialData'. Either include it or remove the dependency array  react-hooks/exhaustive-deps

src\components\TestResultsDashboard\ConceptsModuleDashboard.js
  Line 38:6:  React Hook useMemo has a missing dependency: 'moduleData.tests'. Either include it or remove the dependency array  react-hooks/exhaustive-deps
  Line 46:6:  React Hook useMemo has a missing dependency: 'moduleData.tests'. Either include it or remove the dependency array  react-hooks/exhaustive-deps

src\components\TestResultsDashboard\LoginModuleDashboard.js
  Line 32:6:  React Hook useMemo has a missing dependency: 'moduleData.tests'. Either include it or remove the dependency array  react-hooks/exhaustive-deps
  Line 40:6:  React Hook useMemo has a missing dependency: 'moduleData.tests'. Either include it or remove the dependency array  react-hooks/exhaustive-deps

src\components\TestResultsDashboard\MisconceptionModuleDashboard.js
  Line 39:6:  React Hook useMemo has a missing dependency: 'moduleData.tests'. Either include it or remove the dependency array  react-hooks/exhaustive-deps
  Line 47:6:  React Hook useMemo has a missing dependency: 'moduleData.tests'. Either include it or remove the dependency array  react-hooks/exhaustive-deps

src\components\TestResultsDashboard\QuizModuleDashboard.js
  Line 40:6:  React Hook useMemo has a missing dependency: 'moduleData.tests'. Either include it or remove the dependency array  react-hooks/exhaustive-deps
  Line 48:6:  React Hook useMemo has a missing dependency: 'moduleData.tests'. Either include it or remove the dependency array  react-hooks/exhaustive-deps

src\components\TestResultsDashboard\RegisterModuleDashboard.js
  Line 37:6:  React Hook useMemo has a missing dependency: 'moduleData.tests'. Either include it or remove the dependency array  react-hooks/exhaustive-deps
  Line 45:6:  React Hook useMemo has a missing dependency: 'moduleData.tests'. Either include it or remove the dependency array  react-hooks/exhaustive-deps

src\pages\ForgotPassword.js
  Line 32:11:  'API_BASE_URL' is assigned a value but never used  no-unused-vars

src\pages\GamificationPage.js
  Line 3:20:  'FaMedal' is defined but never used  no-unused-vars
  Line 3:37:  'FaStar' is defined but never used   no-unused-vars

src\pages\HomePage.js
  Line 2:38:    'useRef' is defined but never used                                                                                                                                                                                                                                                                                                                                 no-unused-vars
  Line 6:8:     'MoleculeAnimation' is defined but never used                                                                                                                                                                                                                                                                                                                      no-unused-vars
  Line 7:8:     'Testimonials' is defined but never used                                                                                                                                                                                                                                                                                                                           no-unused-vars
  Line 15:91:   'FaLaptop' is defined but never used                                                                                                                                                                                                                                                                                                                               no-unused-vars
  Line 15:101:  'FaUsers' is defined but never used                                                                                                                                                                                                                                                                                                                                no-unused-vars
  Line 15:110:  'FaCheckCircle' is defined but never used                                                                                                                                                                                                                                                                                                                          no-unused-vars
  Line 16:10:   'IoMdBook' is defined but never used                                                                                                                                                                                                                                                                                                                               no-unused-vars
  Line 17:10:   'BsLightningChargeFill' is defined but never used                                                                                                                                                                                                                                                                                                                  no-unused-vars
  Line 20:12:   'scrolled' is assigned a value but never used                                                                                                                                                                                                                                                                                                                      no-unused-vars
  Line 249:37:  The href attribute requires a valid value to be accessible. Provide a valid, navigable address as the href value. If you cannot provide a valid href, but still need the element to resemble a link, use a button and change it with appropriate styles. Learn more: https://github.com/jsx-eslint/eslint-plugin-jsx-a11y/blob/HEAD/docs/rules/anchor-is-valid.md  jsx-a11y/anchor-is-valid
  Line 250:37:  The href attribute requires a valid value to be accessible. Provide a valid, navigable address as the href value. If you cannot provide a valid href, but still need the element to resemble a link, use a button and change it with appropriate styles. Learn more: https://github.com/jsx-eslint/eslint-plugin-jsx-a11y/blob/HEAD/docs/rules/anchor-is-valid.md  jsx-a11y/anchor-is-valid
  Line 251:37:  The href attribute requires a valid value to be accessible. Provide a valid, navigable address as the href value. If you cannot provide a valid href, but still need the element to resemble a link, use a button and change it with appropriate styles. Learn more: https://github.com/jsx-eslint/eslint-plugin-jsx-a11y/blob/HEAD/docs/rules/anchor-is-valid.md  jsx-a11y/anchor-is-valid
  Line 258:37:  The href attribute requires a valid value to be accessible. Provide a valid, navigable address as the href value. If you cannot provide a valid href, but still need the element to resemble a link, use a button and change it with appropriate styles. Learn more: https://github.com/jsx-eslint/eslint-plugin-jsx-a11y/blob/HEAD/docs/rules/anchor-is-valid.md  jsx-a11y/anchor-is-valid
  Line 259:37:  The href attribute requires a valid value to be accessible. Provide a valid, navigable address as the href value. If you cannot provide a valid href, but still need the element to resemble a link, use a button and change it with appropriate styles. Learn more: https://github.com/jsx-eslint/eslint-plugin-jsx-a11y/blob/HEAD/docs/rules/anchor-is-valid.md  jsx-a11y/anchor-is-valid
  Line 260:37:  The href attribute requires a valid value to be accessible. Provide a valid, navigable address as the href value. If you cannot provide a valid href, but still need the element to resemble a link, use a button and change it with appropriate styles. Learn more: https://github.com/jsx-eslint/eslint-plugin-jsx-a11y/blob/HEAD/docs/rules/anchor-is-valid.md  jsx-a11y/anchor-is-valid

src\pages\MLModelsPage.js
  Line 47:6:  React Hook useEffect has a missing dependency: 'metrics.length'. Either include it or remove the dependency array  react-hooks/exhaustive-deps

src\pages\RegisterPage.js
  Line 2:17:    'useEffect' is defined but never used  no-unused-vars
  Line 186:11:  No duplicate props allowed             react/jsx-no-duplicate-props

src\pages\ResetPassword.js
  Line 42:11:  'API_BASE_URL' is assigned a value but never used  no-unused-vars

src\pages\StudentProgressPage.js
  Line 17:10:  'quizzes' is assigned a value but never used  no-unused-vars

src\pages\VideosPage.js
  Line 9:11:  'origin' is assigned a value but never used  no-unused-vars

Search for the keywords to learn more about each warning.
To ignore, add // eslint-disable-next-line to the line before.

[1m[33mWARNING[39m[22m in [1m[eslint] 
src\components\ARMultimedia\ARMultimediaModule.js
  Line 3:8:  'api' is defined but never used  no-unused-vars

src\components\Chatbot\Chatbot.js
  Line 20:9:  'location' is assigned a value but never used  no-unused-vars

src\components\ChemicalEquations\ChemicalEquations.js
  Line 33:6:  React Hook useEffect has a missing dependency: 'fetchEquations'. Either include it or remove the dependency array  react-hooks/exhaustive-deps

src\components\ConceptMap\ConceptMap.js
  Line 226:6:  React Hook useEffect has a missing dependency: 'handleMouseMove'. Either include it or remove the dependency array  react-hooks/exhaustive-deps

src\components\Concepts\ConceptPages.js
  Line 12:7:  'topicToComponent' is assigned a value but never used  no-unused-vars

src\components\Dashboard\AdminAnalytics.js
  Line 5:15:  'Line' is defined but never used  no-unused-vars

src\components\Dashboard\AdminConcepts.js
  Line 60:6:  React Hook useCallback has a missing dependency: 'loadConcepts'. Either include it or remove the dependency array  react-hooks/exhaustive-deps

src\components\Dashboard\AdminDashboard.js
  Line 17:8:   'PeriodicTable' is defined but never used                                                                       no-unused-vars
  Line 41:10:  'loading' is assigned a value but never used                                                                    no-unused-vars
  Line 82:6:   React Hook useEffect has a missing dependency: 'loadReports'. Either include it or remove the dependency array  react-hooks/exhaustive-deps

src\components\Dashboard\AdminQuizzes.js
  Line 52:39:  React Hook useEffect has a missing dependency: 'loadQuizzes'. Either include it or remove the dependency array  react-hooks/exhaustive-deps
  Line 129:9:  'onDeactivate' is assigned a value but never used                                                               no-unused-vars

src\components\Dashboard\StudentDashboard.js
  Line 11:8:   'Leaderboard' is defined but never used                                                                                                                                                                                                  no-unused-vars
  Line 39:10:  'nextTopics' is assigned a value but never used                                                                                                                                                                                          no-unused-vars
  Line 40:10:  'loading' is assigned a value but never used                                                                                                                                                                                             no-unused-vars
  Line 125:6:  React Hook useEffect has a missing dependency: 'setActiveTab'. Either include it or remove the dependency array. If 'setActiveTab' changes too often, find the parent component that defines it and wrap that definition in useCallback  react-hooks/exhaustive-deps

src\components\Dashboard\TeacherDashboard.js
  Line 56:10:  'quizFormErrors' is assigned a value but never used     no-unused-vars
  Line 57:10:  'conceptFormErrors' is assigned a value but never used  no-unused-vars
  Line 866:7:  [1m[31mDuplicate[39m[22m[1m case label                                    no-[1m[31mduplicate[39m[22m[1m-case
  Line 868:7:  [1m[31mDuplicate[39m[22m[1m case label                                    no-[1m[31mduplicate[39m[22m[1m-case
  Line 870:7:  [1m[31mDuplicate[39m[22m[1m case label                                    no-[1m[31mduplicate[39m[22m[1m-case
  Line 872:7:  [1m[31mDuplicate[39m[22m[1m case label                                    no-[1m[31mduplicate[39m[22m[1m-case

src\components\Dashboard\TeacherPerformanceDashboard.js
  Line 17:6:  React Hook useEffect has a missing dependency: 'fetchTeacherPerformance'. Either include it or remove the dependency array  react-hooks/exhaustive-deps

src\components\Exams\ExamRunner.js
  Line 43:6:  React Hook useEffect has a missing dependency: 'logEvent'. Either include it or remove the dependency array                                 react-hooks/exhaustive-deps
  Line 55:6:  React Hook useEffect has missing dependencies: 'attemptId', 'exam', and 'handleSubmit'. Either include them or remove the dependency array  react-hooks/exhaustive-deps

src\components\KnowledgeGraph\KnowledgeGraphVisualizer.js
  Line 27:6:  React Hook useEffect has a missing dependency: 'buildGraph'. Either include it or remove the dependency array  react-hooks/exhaustive-deps

src\components\MoleculeAnimation\MoleculeAnimation.js
  Line 617:38:  The ref value 'containerRef.current' will likely have changed by the time this effect cleanup function runs. If this ref points to a node rendered by React, copy 'containerRef.current' to a variable inside the effect, and use that variable in the cleanup function  react-hooks/exhaustive-deps
  Line 628:6:   React Hook useLayoutEffect has missing dependencies: 'buildMolecule' and 'isRotating'. Either include them or remove the dependency array                                                                                                                                react-hooks/exhaustive-deps
  Line 649:6:   React Hook useEffect has a missing dependency: 'buildMolecule'. Either include it or remove the dependency array                                                                                                                                                         react-hooks/exhaustive-deps

src\components\Progress\LearningPath.js
  Line 13:10:  'loadingStudents' is assigned a value but never used   no-unused-vars
  Line 59:9:   'getPriorityColor' is assigned a value but never used  no-unused-vars

src\components\Progress\PerformanceDashboard.js
  Line 20:16:  'statsRes' is assigned a value but never used  no-unused-vars

src\components\Quiz\QuizEngine.js
  Line 216:6:  React Hook useEffect has a missing dependency: 'finishQuiz'. Either include it or remove the dependency array  react-hooks/exhaustive-deps

src\components\Remediation\RemediationModule.js
  Line 20:6:  React Hook useEffect has a missing dependency: 'loadInitialData'. Either include it or remove the dependency array  react-hooks/exhaustive-deps

src\components\TestResultsDashboard\ConceptsModuleDashboard.js
  Line 38:6:  React Hook useMemo has a missing dependency: 'moduleData.tests'. Either include it or remove the dependency array  react-hooks/exhaustive-deps
  Line 46:6:  React Hook useMemo has a missing dependency: 'moduleData.tests'. Either include it or remove the dependency array  react-hooks/exhaustive-deps

src\components\TestResultsDashboard\LoginModuleDashboard.js
  Line 32:6:  React Hook useMemo has a missing dependency: 'moduleData.tests'. Either include it or remove the dependency array  react-hooks/exhaustive-deps
  Line 40:6:  React Hook useMemo has a missing dependency: 'moduleData.tests'. Either include it or remove the dependency array  react-hooks/exhaustive-deps

src\components\TestResultsDashboard\MisconceptionModuleDashboard.js
  Line 39:6:  React Hook useMemo has a missing dependency: 'moduleData.tests'. Either include it or remove the dependency array  react-hooks/exhaustive-deps
  Line 47:6:  React Hook useMemo has a missing dependency: 'moduleData.tests'. Either include it or remove the dependency array  react-hooks/exhaustive-deps

src\components\TestResultsDashboard\QuizModuleDashboard.js
  Line 40:6:  React Hook useMemo has a missing dependency: 'moduleData.tests'. Either include it or remove the dependency array  react-hooks/exhaustive-deps
  Line 48:6:  React Hook useMemo has a missing dependency: 'moduleData.tests'. Either include it or remove the dependency array  react-hooks/exhaustive-deps

src\components\TestResultsDashboard\RegisterModuleDashboard.js
  Line 37:6:  React Hook useMemo has a missing dependency: 'moduleData.tests'. Either include it or remove the dependency array  react-hooks/exhaustive-deps
  Line 45:6:  React Hook useMemo has a missing dependency: 'moduleData.tests'. Either include it or remove the dependency array  react-hooks/exhaustive-deps

src\pages\ForgotPassword.js
  Line 32:11:  'API_BASE_URL' is assigned a value but never used  no-unused-vars

src\pages\GamificationPage.js
  Line 3:20:  'FaMedal' is defined but never used  no-unused-vars
  Line 3:37:  'FaStar' is defined but never used   no-unused-vars

src\pages\HomePage.js
  Line 2:38:    'useRef' is defined but never used                                                                                                                                                                                                                                                                                                                                 no-unused-vars
  Line 6:8:     'MoleculeAnimation' is defined but never used                                                                                                                                                                                                                                                                                                                      no-unused-vars
  Line 7:8:     'Testimonials' is defined but never used                                                                                                                                                                                                                                                                                                                           no-unused-vars
  Line 15:91:   'FaLaptop' is defined but never used                                                                                                                                                                                                                                                                                                                               no-unused-vars
  Line 15:101:  'FaUsers' is defined but never used                                                                                                                                                                                                                                                                                                                                no-unused-vars
  Line 15:110:  'FaCheckCircle' is defined but never used                                                                                                                                                                                                                                                                                                                          no-unused-vars
  Line 16:10:   'IoMdBook' is defined but never used                                                                                                                                                                                                                                                                                                                               no-unused-vars
  Line 17:10:   'BsLightningChargeFill' is defined but never used                                                                                                                                                                                                                                                                                                                  no-unused-vars
  Line 20:12:   'scrolled' is assigned a value but never used                                                                                                                                                                                                                                                                                                                      no-unused-vars
  Line 249:37:  The href attribute requires a valid value to be accessible. Provide a valid, navigable address as the href value. If you cannot provide a valid href, but still need the element to resemble a link, use a button and change it with appropriate styles. Learn more: https://github.com/jsx-eslint/eslint-plugin-jsx-a11y/blob/HEAD/docs/rules/anchor-is-valid.md  jsx-a11y/anchor-is-valid
  Line 250:37:  The href attribute requires a valid value to be accessible. Provide a valid, navigable address as the href value. If you cannot provide a valid href, but still need the element to resemble a link, use a button and change it with appropriate styles. Learn more: https://github.com/jsx-eslint/eslint-plugin-jsx-a11y/blob/HEAD/docs/rules/anchor-is-valid.md  jsx-a11y/anchor-is-valid
  Line 251:37:  The href attribute requires a valid value to be accessible. Provide a valid, navigable address as the href value. If you cannot provide a valid href, but still need the element to resemble a link, use a button and change it with appropriate styles. Learn more: https://github.com/jsx-eslint/eslint-plugin-jsx-a11y/blob/HEAD/docs/rules/anchor-is-valid.md  jsx-a11y/anchor-is-valid
  Line 258:37:  The href attribute requires a valid value to be accessible. Provide a valid, navigable address as the href value. If you cannot provide a valid href, but still need the element to resemble a link, use a button and change it with appropriate styles. Learn more: https://github.com/jsx-eslint/eslint-plugin-jsx-a11y/blob/HEAD/docs/rules/anchor-is-valid.md  jsx-a11y/anchor-is-valid
  Line 259:37:  The href attribute requires a valid value to be accessible. Provide a valid, navigable address as the href value. If you cannot provide a valid href, but still need the element to resemble a link, use a button and change it with appropriate styles. Learn more: https://github.com/jsx-eslint/eslint-plugin-jsx-a11y/blob/HEAD/docs/rules/anchor-is-valid.md  jsx-a11y/anchor-is-valid
  Line 260:37:  The href attribute requires a valid value to be accessible. Provide a valid, navigable address as the href value. If you cannot provide a valid href, but still need the element to resemble a link, use a button and change it with appropriate styles. Learn more: https://github.com/jsx-eslint/eslint-plugin-jsx-a11y/blob/HEAD/docs/rules/anchor-is-valid.md  jsx-a11y/anchor-is-valid

src\pages\MLModelsPage.js
  Line 47:6:  React Hook useEffect has a missing dependency: 'metrics.length'. Either include it or remove the dependency array  react-hooks/exhaustive-deps

src\pages\RegisterPage.js
  Line 2:17:    'useEffect' is defined but never used  no-unused-vars
  Line 186:11:  No [1m[31mduplicate[39m[22m[1m props allowed             react/jsx-no-[1m[31mduplicate[39m[22m[1m-props

src\pages\ResetPassword.js
  Line 42:11:  'API_BASE_URL' is assigned a value but never used  no-unused-vars

src\pages\StudentProgressPage.js
  Line 17:10:  'quizzes' is assigned a value but never used  no-unused-vars

src\pages\VideosPage.js
  Line 9:11:  'origin' is assigned a value but never used  no-unused-vars

[39m[22m

webpack compiled with [1m[33m1 warning[39m[22m
